(0.001) SELECT `blog_basicsettings`.`id`, `blog_basicsettings`.`variable`, `blog_basicsettings`.`value` FROM `blog_basicsettings` ORDER BY `blog_basicsettings`.`variable` ASC; args=()
(0.000) SELECT `blog_basicsettings`.`id`, `blog_basicsettings`.`variable`, `blog_basicsettings`.`value` FROM `blog_basicsettings` WHERE `blog_basicsettings`.`variable` = 'site_name' ; args=('site_name',)
(0.001) SELECT `django_session`.`session_key`, `django_session`.`session_data`, `django_session`.`expire_date` FROM `django_session` WHERE (`django_session`.`session_key` = 'k8hftmq9rs7b5g4vrr3i1blc7ikxe0zf'  AND `django_session`.`expire_date` > '2013-10-10 09:45:09' ); args=('k8hftmq9rs7b5g4vrr3i1blc7ikxe0zf', u'2013-10-10 09:45:09')
(0.001) SELECT `auth_user`.`id`, `auth_user`.`password`, `auth_user`.`last_login`, `auth_user`.`is_superuser`, `auth_user`.`username`, `auth_user`.`first_name`, `auth_user`.`last_name`, `auth_user`.`email`, `auth_user`.`is_staff`, `auth_user`.`is_active`, `auth_user`.`date_joined` FROM `auth_user` WHERE `auth_user`.`id` = 1 ; args=(1,)
(0.000) SELECT `django_session`.`session_key`, `django_session`.`session_data`, `django_session`.`expire_date` FROM `django_session` WHERE (`django_session`.`session_key` = 'k8hftmq9rs7b5g4vrr3i1blc7ikxe0zf'  AND `django_session`.`expire_date` > '2013-10-10 09:45:11' ); args=('k8hftmq9rs7b5g4vrr3i1blc7ikxe0zf', u'2013-10-10 09:45:11')
(0.000) SELECT `auth_user`.`id`, `auth_user`.`password`, `auth_user`.`last_login`, `auth_user`.`is_superuser`, `auth_user`.`username`, `auth_user`.`first_name`, `auth_user`.`last_name`, `auth_user`.`email`, `auth_user`.`is_staff`, `auth_user`.`is_active`, `auth_user`.`date_joined` FROM `auth_user` WHERE `auth_user`.`id` = 1 ; args=(1,)
(0.000) SELECT `django_session`.`session_key`, `django_session`.`session_data`, `django_session`.`expire_date` FROM `django_session` WHERE `django_session`.`session_key` = 'k8hftmq9rs7b5g4vrr3i1blc7ikxe0zf' ; args=('k8hftmq9rs7b5g4vrr3i1blc7ikxe0zf',)
(0.000) DELETE FROM `django_session` WHERE `session_key` IN ('k8hftmq9rs7b5g4vrr3i1blc7ikxe0zf'); args=(u'k8hftmq9rs7b5g4vrr3i1blc7ikxe0zf',)
(0.001) SELECT (1) AS `a` FROM `django_session` WHERE `django_session`.`session_key` = '1wapft5bq2oqk4alunq9yf615am3blvv'  LIMIT 1; args=(u'1wapft5bq2oqk4alunq9yf615am3blvv',)
(0.000) SAVEPOINT s139798884886272_x1; args=()
(0.000) INSERT INTO `django_session` (`session_key`, `session_data`, `expire_date`) VALUES ('1wapft5bq2oqk4alunq9yf615am3blvv', 'NmUyY2U1YmQ5MmY5NTYyMWNkYmIwMmMyMWNjOWE5ODQzY2I4ZTg2MDqAAn1xAS4=', '2013-10-24 09:45:11'); args=(u'1wapft5bq2oqk4alunq9yf615am3blvv', u'NmUyY2U1YmQ5MmY5NTYyMWNkYmIwMmMyMWNjOWE5ODQzY2I4ZTg2MDqAAn1xAS4=', u'2013-10-24 09:45:11')
(0.000) SAVEPOINT s139798884886272_x1; args=()
(0.001) SELECT (1) AS `a` FROM `django_session` WHERE `django_session`.`session_key` = '1wapft5bq2oqk4alunq9yf615am3blvv'  LIMIT 1; args=(u'1wapft5bq2oqk4alunq9yf615am3blvv',)
(0.001) UPDATE `django_session` SET `session_data` = 'NmUyY2U1YmQ5MmY5NTYyMWNkYmIwMmMyMWNjOWE5ODQzY2I4ZTg2MDqAAn1xAS4=', `expire_date` = '2013-10-24 09:45:11' WHERE `django_session`.`session_key` = '1wapft5bq2oqk4alunq9yf615am3blvv' ; args=(u'NmUyY2U1YmQ5MmY5NTYyMWNkYmIwMmMyMWNjOWE5ODQzY2I4ZTg2MDqAAn1xAS4=', u'2013-10-24 09:45:11', u'1wapft5bq2oqk4alunq9yf615am3blvv')
(0.000) SELECT `blog_basicsettings`.`id`, `blog_basicsettings`.`variable`, `blog_basicsettings`.`value` FROM `blog_basicsettings` ORDER BY `blog_basicsettings`.`variable` ASC; args=()
(0.000) SELECT `blog_basicsettings`.`id`, `blog_basicsettings`.`variable`, `blog_basicsettings`.`value` FROM `blog_basicsettings` WHERE `blog_basicsettings`.`variable` = 'site_name' ; args=('site_name',)
(0.000) SELECT `django_session`.`session_key`, `django_session`.`session_data`, `django_session`.`expire_date` FROM `django_session` WHERE (`django_session`.`session_key` = '1wapft5bq2oqk4alunq9yf615am3blvv'  AND `django_session`.`expire_date` > '2013-10-10 09:45:20' ); args=('1wapft5bq2oqk4alunq9yf615am3blvv', u'2013-10-10 09:45:20')
(0.000) SELECT `blog_basicsettings`.`id`, `blog_basicsettings`.`variable`, `blog_basicsettings`.`value` FROM `blog_basicsettings` ORDER BY `blog_basicsettings`.`variable` ASC; args=()
(0.001) SELECT `blog_basicsettings`.`id`, `blog_basicsettings`.`variable`, `blog_basicsettings`.`value` FROM `blog_basicsettings` ORDER BY `blog_basicsettings`.`variable` ASC; args=()
(0.001) SELECT `blog_basicsettings`.`id`, `blog_basicsettings`.`variable`, `blog_basicsettings`.`value` FROM `blog_basicsettings` ORDER BY `blog_basicsettings`.`variable` ASC; args=()
(0.001) SELECT `blog_basicsettings`.`id`, `blog_basicsettings`.`variable`, `blog_basicsettings`.`value` FROM `blog_basicsettings` ORDER BY `blog_basicsettings`.`variable` ASC; args=()
(0.000) SELECT `blog_basicsettings`.`id`, `blog_basicsettings`.`variable`, `blog_basicsettings`.`value` FROM `blog_basicsettings` WHERE `blog_basicsettings`.`variable` = 'site_name' ; args=('site_name',)
(0.000) SELECT `django_session`.`session_key`, `django_session`.`session_data`, `django_session`.`expire_date` FROM `django_session` WHERE (`django_session`.`session_key` = '1wapft5bq2oqk4alunq9yf615am3blvv'  AND `django_session`.`expire_date` > '2013-10-10 09:52:53' ); args=('1wapft5bq2oqk4alunq9yf615am3blvv', u'2013-10-10 09:52:53')
(0.000) SELECT `auth_user`.`id`, `auth_user`.`password`, `auth_user`.`last_login`, `auth_user`.`is_superuser`, `auth_user`.`username`, `auth_user`.`first_name`, `auth_user`.`last_name`, `auth_user`.`email`, `auth_user`.`is_staff`, `auth_user`.`is_active`, `auth_user`.`date_joined` FROM `auth_user` WHERE `auth_user`.`username` = 'winkidney' ; args=(u'winkidney',)
(0.000) SELECT (1) AS `a` FROM `django_session` WHERE `django_session`.`session_key` = '4ioaxyjnmx3ai6hmmggp64c4yxegfpmb'  LIMIT 1; args=(u'4ioaxyjnmx3ai6hmmggp64c4yxegfpmb',)
(0.000) SAVEPOINT s140648520324864_x1; args=()
(0.000) INSERT INTO `django_session` (`session_key`, `session_data`, `expire_date`) VALUES ('4ioaxyjnmx3ai6hmmggp64c4yxegfpmb', 'NmUyY2U1YmQ5MmY5NTYyMWNkYmIwMmMyMWNjOWE5ODQzY2I4ZTg2MDqAAn1xAS4=', '2013-10-24 09:52:53'); args=(u'4ioaxyjnmx3ai6hmmggp64c4yxegfpmb', u'NmUyY2U1YmQ5MmY5NTYyMWNkYmIwMmMyMWNjOWE5ODQzY2I4ZTg2MDqAAn1xAS4=', u'2013-10-24 09:52:53')
(0.000) SELECT `django_session`.`session_key`, `django_session`.`session_data`, `django_session`.`expire_date` FROM `django_session` WHERE `django_session`.`session_key` = '1wapft5bq2oqk4alunq9yf615am3blvv' ; args=('1wapft5bq2oqk4alunq9yf615am3blvv',)
(0.000) DELETE FROM `django_session` WHERE `session_key` IN ('1wapft5bq2oqk4alunq9yf615am3blvv'); args=(u'1wapft5bq2oqk4alunq9yf615am3blvv',)
(0.000) UPDATE `auth_user` SET `last_login` = '2013-10-10 09:52:53' WHERE `auth_user`.`id` = 1 ; args=(u'2013-10-10 09:52:53', 1)
(0.000) SAVEPOINT s140648520324864_x1; args=()
(0.000) SELECT (1) AS `a` FROM `django_session` WHERE `django_session`.`session_key` = '4ioaxyjnmx3ai6hmmggp64c4yxegfpmb'  LIMIT 1; args=(u'4ioaxyjnmx3ai6hmmggp64c4yxegfpmb',)
(0.000) UPDATE `django_session` SET `session_data` = 'ZThiZmMzMzA5ZmZjMWY2YWE1NTU4OWYxZTM3YjQwNzg5OTIxZWQ3ZDqAAn1xAShVEl9hdXRoX3VzZXJfYmFja2VuZHECVSlkamFuZ28uY29udHJpYi5hdXRoLmJhY2tlbmRzLk1vZGVsQmFja2VuZHEDVQ1fYXV0aF91c2VyX2lkcQSKAQF1Lg==', `expire_date` = '2013-10-24 09:52:53' WHERE `django_session`.`session_key` = '4ioaxyjnmx3ai6hmmggp64c4yxegfpmb' ; args=(u'ZThiZmMzMzA5ZmZjMWY2YWE1NTU4OWYxZTM3YjQwNzg5OTIxZWQ3ZDqAAn1xAShVEl9hdXRoX3VzZXJfYmFja2VuZHECVSlkamFuZ28uY29udHJpYi5hdXRoLmJhY2tlbmRzLk1vZGVsQmFja2VuZHEDVQ1fYXV0aF91c2VyX2lkcQSKAQF1Lg==', u'2013-10-24 09:52:53', u'4ioaxyjnmx3ai6hmmggp64c4yxegfpmb')
(0.001) SELECT `blog_basicsettings`.`id`, `blog_basicsettings`.`variable`, `blog_basicsettings`.`value` FROM `blog_basicsettings` ORDER BY `blog_basicsettings`.`variable` ASC; args=()
(0.001) SELECT `blog_basicsettings`.`id`, `blog_basicsettings`.`variable`, `blog_basicsettings`.`value` FROM `blog_basicsettings` ORDER BY `blog_basicsettings`.`variable` ASC; args=()
(0.001) SELECT `blog_basicsettings`.`id`, `blog_basicsettings`.`variable`, `blog_basicsettings`.`value` FROM `blog_basicsettings` ORDER BY `blog_basicsettings`.`variable` ASC; args=()
